/*C2*/SET SCHEMA PUBLIC
ALTER TABLE "demo$searchitem" ADD "categorylevel" BIGINT NULL
DELETE FROM "demo$searchitem" WHERE "id"=27303072740933633
DELETE FROM "demo$searchitem" WHERE "id"=27303072740933634
DELETE FROM "demo$searchitem" WHERE "id"=27303072740933635
DELETE FROM "demo$searchitem" WHERE "id"=27303072740933636
DELETE FROM "demo$searchitem" WHERE "id"=27303072740933733
DELETE FROM "demo$searchitem" WHERE "id"=27303072740933734
DELETE FROM "demo$searchitem" WHERE "id"=27303072740933736
DELETE FROM "demo$searchitem" WHERE "id"=27303072740933737
DELETE FROM "demo$searchitem" WHERE "id"=27303072740933738
DELETE FROM "demo$searchitem" WHERE "id"=27303072740933739
INSERT INTO "demo$searchitem" VALUES(27303072740933633,'2018-12-15 01:36:34.527000','Excel','2018-12-15 01:36:30.010000',281474976710857,1)
INSERT INTO "demo$searchitem" VALUES(27303072740933634,'2018-12-15 01:36:55.147000','Rest\u670d\u52a1','2018-12-15 01:36:48.483000',281474976710857,1)
INSERT INTO "demo$searchitem" VALUES(27303072740933635,'2018-12-15 01:37:03.988000','\u7ec4\u4ef6','2018-12-15 01:36:56.740000',281474976710857,1)
INSERT INTO "demo$searchitem" VALUES(27303072740933636,'2018-12-15 01:37:22.580000','DataGrid','2018-12-15 01:37:05.120000',281474976710857,1)
INSERT INTO "demo$searchitem" VALUES(27303072740933733,'2018-12-15 03:07:15.662000','Search','2018-12-15 03:07:10.705000',281474976710857,1)
INSERT INTO "demo$searchitem" VALUES(27303072740933734,'2018-12-15 03:08:24.032000','\u961f\u5217','2018-12-15 03:08:20.392000',281474976710857,1)
INSERT INTO "demo$searchitem" VALUES(27303072740933736,'2018-12-15 03:09:32.199000','\u7ea7\u8054\u9009\u62e9','2018-12-15 03:09:26.557000',281474976710857,1)
INSERT INTO "demo$searchitem" VALUES(27303072740933737,'2018-12-15 03:10:10.546000','JavaAction','2018-12-15 03:10:03.734000',281474976710857,1)
INSERT INTO "demo$searchitem" VALUES(27303072740933738,'2018-12-15 03:10:48.278000','XPath','2018-12-15 03:10:43.781000',281474976710857,1)
INSERT INTO "demo$searchitem" VALUES(27303072740933739,'2018-12-15 03:11:20.446000','\u6587\u4ef6\u751f\u6210','2018-12-15 03:11:15.196000',281474976710857,1)
INSERT INTO "mendixsystem$attribute" VALUES('2357fdd9-ea84-4f8c-8420-8acffc0ec27c','74459a84-6e57-4c4b-9446-404da620133d','categoryLevel','categorylevel',4,0,'1',FALSE)
DELETE FROM "mendixsystem$version" WHERE "versionnumber"='4.2'
INSERT INTO "mendixsystem$version" VALUES('4.2','2018-12-15 11:24:11.572000','3.0.0','unversioned','App')
COMMIT
DELETE FROM "mendixsystem$version" WHERE "versionnumber"='4.2'
INSERT INTO "mendixsystem$version" VALUES('4.2','2018-12-15 11:24:11.572000','3.0.0','unversioned','App')
COMMIT
DELETE FROM "system$userrole" WHERE "id"=2533274790395905
INSERT INTO "system$userrole" VALUES(2533274790395905,'8dd52bfa-6d7e-453b-b506-303c0a3d9567','','Administrator')
DELETE FROM "system$userrole" WHERE "id"=2533274790395906
INSERT INTO "system$userrole" VALUES(2533274790395906,'53f5d6fa-6da9-4a71-b011-454ec052cce8','','User')
DELETE FROM "system$userrole" WHERE "id"=2533274790395907
INSERT INTO "system$userrole" VALUES(2533274790395907,'571c29c6-060e-4765-9d36-3fa053b5fd66','','Tester')
DELETE FROM "system$userrole" WHERE "id"=2533274790396005
INSERT INTO "system$userrole" VALUES(2533274790396005,'865d66b8-54de-490a-bf24-bd6cee826d26','','DemoAdmin')
COMMIT
DELETE FROM "mendixsystem$properties" WHERE "key"='Mendix.Runtime.DeploymentID'
INSERT INTO "mendixsystem$properties" VALUES('Mendix.Runtime.DeploymentID','636804698330393751')
COMMIT
DELETE FROM "system$session" WHERE "id"=6192449487658833
DELETE FROM "system$session_user" WHERE "system$sessionid"=6192449487658833 AND "system$userid"=281474976710857
COMMIT
/*C4*/SET SCHEMA PUBLIC
DELETE FROM "system$user" WHERE "id"=281474976710857
INSERT INTO "system$user" VALUES(281474976710857,'2018-10-12 11:59:55.940000',TRUE,'2018-10-12 11:59:55.940000','2018-12-15 02:39:06.086000',FALSE,FALSE,0,FALSE,'MrGao','{BCrypt}$2a$10$50dGMpkdFql2A1830D3q0Ocs0kxdlokk0U0ZHcrCZV/2Hi45Mxbb2','System.User',NULL,281474976710857)
COMMIT
DELETE FROM "mendixsystem$entityidentifier" WHERE "id"='d4154981-8dac-4150-aec5-efa3ef62a7a2'
INSERT INTO "mendixsystem$entityidentifier" VALUES('d4154981-8dac-4150-aec5-efa3ef62a7a2',2,25301)
COMMIT
/*C3*/SET SCHEMA PUBLIC
INSERT INTO "system$xasinstance" VALUES(562949953446513,'4ddfe122-11a7-4991-947a-db7dd08badf5','2018-12-15 03:24:15.888000','2018-12-15 03:24:15.848000',NULL,NULL,NULL)
COMMIT
DELETE FROM "system$user" WHERE "id"=281474976710857
INSERT INTO "system$user" VALUES(281474976710857,'2018-10-12 11:59:55.940000',TRUE,'2018-10-12 11:59:55.940000','2018-12-15 03:24:35.231000',FALSE,FALSE,0,FALSE,'MrGao','{BCrypt}$2a$10$50dGMpkdFql2A1830D3q0Ocs0kxdlokk0U0ZHcrCZV/2Hi45Mxbb2','System.User',NULL,281474976710857)
COMMIT
/*C2*/DELETE FROM "mendixsystem$entityidentifier" WHERE "id"='37f9fd49-5318-4c63-9a51-f761779b202f'
INSERT INTO "mendixsystem$entityidentifier" VALUES('37f9fd49-5318-4c63-9a51-f761779b202f',22,24601)
COMMIT
INSERT INTO "system$session" VALUES(6192449487658933,'85d8eeb9-1e6e-4fc3-9032-d99994ca8013','2018-12-15 03:24:35.267000','bca9cb99-3213-4090-9595-02af77423d92','2018-12-15 03:24:35.267000','39382175-f496-4d05-b3fd-6b250a7d0f22')
INSERT INTO "system$session_user" VALUES(6192449487658933,281474976710857)
COMMIT
/*C4*/DELETE FROM "mendixsystem$entityidentifier" WHERE "id"='74459a84-6e57-4c4b-9446-404da620133d'
INSERT INTO "mendixsystem$entityidentifier" VALUES('74459a84-6e57-4c4b-9446-404da620133d',97,301)
COMMIT
INSERT INTO "demo$searchitem" VALUES(27303072740933833,'2018-12-15 03:24:58.600000','\u5168\u90e8','2018-12-15 03:24:44.903000',281474976710857,5)
COMMIT
DELETE FROM "system$filedocument" WHERE "id"=27021597764223777
INSERT INTO "system$filedocument" VALUES(27021597764223777,'daa04350-4e2c-4ff0-82bf-eea01fc8a252',FALSE,'2018-12-15 03:26:39.700000',NULL,'2018-12-14 14:24:46.619000',146924,TRUE,21,1,'QQ\u622a\u56fe20181214222902.png','Demo.HomeProject',281474976710857,281474976710857)
INSERT INTO "demo$homeproject_searchitem" VALUES(27021597764223777,27303072740933833)
COMMIT
DELETE FROM "system$filedocument" WHERE "id"=27021597764223877
INSERT INTO "system$filedocument" VALUES(27021597764223877,NULL,FALSE,'2018-12-15 03:27:56.656000',NULL,'2018-12-14 14:47:25.367000',0,FALSE,23,1,NULL,'Demo.HomeProject',281474976710857,281474976710857)
INSERT INTO "demo$homeproject_searchitem" VALUES(27021597764223877,27303072740933833)
COMMIT
/*C3*/DELETE FROM "system$filedocument" WHERE "id"=27021597764223878
INSERT INTO "system$filedocument" VALUES(27021597764223878,'4867dc88-6868-423a-bb46-e9956e41a8f7',FALSE,'2018-12-15 03:28:04.026000',NULL,'2018-12-14 14:50:05.150000',95223,TRUE,24,1,'search.png','Demo.HomeProject',281474976710857,281474976710857)
INSERT INTO "demo$homeproject_searchitem" VALUES(27021597764223878,27303072740933833)
COMMIT
/*C4*/DELETE FROM "system$filedocument" WHERE "id"=27021597764223879
INSERT INTO "system$filedocument" VALUES(27021597764223879,'6e4af824-6e7b-4863-8316-3dfb5aaf5bef',FALSE,'2018-12-15 03:28:10.392000',NULL,'2018-12-14 14:53:41.163000',105084,TRUE,26,1,'excel.png','Demo.HomeProject',281474976710857,281474976710857)
INSERT INTO "demo$homeproject_searchitem" VALUES(27021597764223879,27303072740933833)
COMMIT
/*C3*/DELETE FROM "system$filedocument" WHERE "id"=27021597764223881
INSERT INTO "system$filedocument" VALUES(27021597764223881,'610e6d65-5cd3-4861-ad28-f14793840873',FALSE,'2018-12-15 03:28:16.780000',NULL,'2018-12-14 15:00:00.630000',273300,TRUE,31,1,'ex.png','Demo.HomeProject',281474976710857,281474976710857)
INSERT INTO "demo$homeproject_searchitem" VALUES(27021597764223881,27303072740933833)
COMMIT
DELETE FROM "system$filedocument" WHERE "id"=27021597764223882
INSERT INTO "system$filedocument" VALUES(27021597764223882,'3fc47b50-4611-471b-b149-aba8da63c0ce',FALSE,'2018-12-15 03:28:23.796000',NULL,'2018-12-14 15:02:17.039000',216106,TRUE,33,1,'e.png','Demo.HomeProject',281474976710857,281474976710857)
INSERT INTO "demo$homeproject_searchitem" VALUES(27021597764223882,27303072740933833)
COMMIT
/*C4*/DELETE FROM "system$filedocument" WHERE "id"=27021597764223883
INSERT INTO "system$filedocument" VALUES(27021597764223883,'119753ba-ca49-40be-ac1c-9eaa44056248',FALSE,'2018-12-15 03:28:29.801000',NULL,'2018-12-14 15:06:22.828000',900086,TRUE,35,1,'20181022_212142 (1).gif','Demo.HomeProject',281474976710857,281474976710857)
INSERT INTO "demo$homeproject_searchitem" VALUES(27021597764223883,27303072740933833)
COMMIT
DELETE FROM "system$filedocument" WHERE "id"=27021597764223884
INSERT INTO "system$filedocument" VALUES(27021597764223884,'63ccb099-b985-47fa-9fcf-b42fe2025d1c',FALSE,'2018-12-15 03:28:36.137000',NULL,'2018-12-14 15:08:12.619000',127843,TRUE,37,1,'dd.png','Demo.HomeProject',281474976710857,281474976710857)
INSERT INTO "demo$homeproject_searchitem" VALUES(27021597764223884,27303072740933833)
COMMIT
/*C5*/SET SCHEMA PUBLIC
DELETE FROM "system$filedocument" WHERE "id"=27021597764223885
INSERT INTO "system$filedocument" VALUES(27021597764223885,'e6cba09e-0c30-46c8-a07e-abd9cf38e01b',FALSE,'2018-12-15 03:28:41.769000',NULL,'2018-12-14 15:12:04.664000',77408,TRUE,39,1,'4.png','Demo.HomeProject',281474976710857,281474976710857)
INSERT INTO "demo$homeproject_searchitem" VALUES(27021597764223885,27303072740933833)
COMMIT
DELETE FROM "system$filedocument" WHERE "id"=27021597764223888
INSERT INTO "system$filedocument" VALUES(27021597764223888,NULL,FALSE,'2018-12-15 03:28:47.161000',NULL,'2018-12-14 15:14:33.983000',0,FALSE,43,1,NULL,'Demo.HomeProject',281474976710857,281474976710857)
INSERT INTO "demo$homeproject_searchitem" VALUES(27021597764223888,27303072740933833)
COMMIT
DELETE FROM "system$filedocument" WHERE "id"=27021597764223889
INSERT INTO "system$filedocument" VALUES(27021597764223889,NULL,FALSE,'2018-12-15 03:28:53.278000',NULL,'2018-12-14 15:15:47.556000',0,FALSE,44,1,NULL,'Demo.HomeProject',281474976710857,281474976710857)
INSERT INTO "demo$homeproject_searchitem" VALUES(27021597764223889,27303072740933833)
COMMIT
/*C3*/DELETE FROM "system$filedocument" WHERE "id"=27021597764223890
INSERT INTO "system$filedocument" VALUES(27021597764223890,'0fddb4cd-9822-49db-b2f8-aaff690cdc0a',FALSE,'2018-12-15 03:28:59.083000',NULL,'2018-12-14 15:18:08.635000',109366,TRUE,45,1,'\u622a\u56fe.png','Demo.HomeProject',281474976710857,281474976710857)
INSERT INTO "demo$homeproject_searchitem" VALUES(27021597764223890,27303072740933833)
COMMIT
/*C5*/DELETE FROM "system$filedocument" WHERE "id"=27021597764223891
INSERT INTO "system$filedocument" VALUES(27021597764223891,'340160dc-554e-414b-a0e7-d02f47de1ead',FALSE,'2018-12-15 03:29:05.722000',NULL,'2018-12-14 15:20:01.206000',113401,TRUE,47,1,'ww.png','Demo.HomeProject',281474976710857,281474976710857)
INSERT INTO "demo$homeproject_searchitem" VALUES(27021597764223891,27303072740933833)
COMMIT
/*C7*/SET SCHEMA PUBLIC
DELETE FROM "system$xasinstance" WHERE "id"=562949953446513
INSERT INTO "system$xasinstance" VALUES(562949953446513,'4ddfe122-11a7-4991-947a-db7dd08badf5','2018-12-15 03:24:15.888000','2018-12-15 03:29:15.926000',NULL,NULL,NULL)
COMMIT
DELETE FROM "system$session" WHERE "id"=6192449487658933
INSERT INTO "system$session" VALUES(6192449487658933,'85d8eeb9-1e6e-4fc3-9032-d99994ca8013','2018-12-15 03:24:35.267000','bca9cb99-3213-4090-9595-02af77423d92','2018-12-15 03:29:07.654000','39382175-f496-4d05-b3fd-6b250a7d0f22')
COMMIT
/*C4*/DISCONNECT
/*C7*/DELETE FROM "system$xasinstance" WHERE "id"=562949953446513
INSERT INTO "system$xasinstance" VALUES(562949953446513,'4ddfe122-11a7-4991-947a-db7dd08badf5','2018-12-15 03:24:15.888000','2018-12-15 03:34:15.969000',NULL,NULL,NULL)
COMMIT
DELETE FROM "system$session" WHERE "id"=6192449487658933
INSERT INTO "system$session" VALUES(6192449487658933,'85d8eeb9-1e6e-4fc3-9032-d99994ca8013','2018-12-15 03:24:35.267000','bca9cb99-3213-4090-9595-02af77423d92','2018-12-15 03:33:51.232000','39382175-f496-4d05-b3fd-6b250a7d0f22')
COMMIT
/*C2*/DISCONNECT
/*C7*/DELETE FROM "system$xasinstance" WHERE "id"=562949953446513
INSERT INTO "system$xasinstance" VALUES(562949953446513,'4ddfe122-11a7-4991-947a-db7dd08badf5','2018-12-15 03:24:15.888000','2018-12-15 03:39:15.990000',NULL,NULL,NULL)
COMMIT
DELETE FROM "system$session" WHERE "id"=6192449487658933
INSERT INTO "system$session" VALUES(6192449487658933,'85d8eeb9-1e6e-4fc3-9032-d99994ca8013','2018-12-15 03:24:35.267000','bca9cb99-3213-4090-9595-02af77423d92','2018-12-15 03:37:01.740000','39382175-f496-4d05-b3fd-6b250a7d0f22')
COMMIT
