/*C2*/SET SCHEMA PUBLIC
DELETE FROM "mendixsystem$version" WHERE "versionnumber"='4.2'
INSERT INTO "mendixsystem$version" VALUES('4.2','2018-09-04 00:30:20.270000','3.0.0','unversioned','App')
COMMIT
/*C3*/SET SCHEMA PUBLIC
DELETE FROM "system$userrole" WHERE "id"=2533274790395905
INSERT INTO "system$userrole" VALUES(2533274790395905,'8dd52bfa-6d7e-453b-b506-303c0a3d9567','','Administrator')
DELETE FROM "system$userrole" WHERE "id"=2533274790395906
INSERT INTO "system$userrole" VALUES(2533274790395906,'53f5d6fa-6da9-4a71-b011-454ec052cce8','','User')
DELETE FROM "system$userrole" WHERE "id"=2533274790395907
INSERT INTO "system$userrole" VALUES(2533274790395907,'571c29c6-060e-4765-9d36-3fa053b5fd66','','Tester')
COMMIT
/*C2*/DELETE FROM "system$user" WHERE "id"=3096224743817217
INSERT INTO "system$user" VALUES(3096224743817217,'2018-09-03 16:30:21.390000',TRUE,'2018-09-03 16:30:21.390000',NULL,FALSE,FALSE,0,FALSE,'demo_administrator','{BCrypt}$2a$10$1X267XGewybQb8u10ldrD.9RsDazImcfkn5k2zB3s/PH2C2tHPT0y','Administration.Account',NULL,3096224743817217)
COMMIT
/*C4*/SET SCHEMA PUBLIC
DELETE FROM "system$user" WHERE "id"=3096224743817218
INSERT INTO "system$user" VALUES(3096224743817218,'2018-09-03 16:30:21.542000',TRUE,'2018-09-03 16:30:21.542000',NULL,FALSE,FALSE,0,FALSE,'demo_user','{BCrypt}$2a$10$iKBSKPITiNHFBMAngRDeluqLaidrBmIs5kgb4MPCHBDn2Qmo1BtLK','Administration.Account',NULL,3096224743817218)
COMMIT
DELETE FROM "mendixsystem$properties" WHERE "key"='Mendix.Runtime.DeploymentID'
INSERT INTO "mendixsystem$properties" VALUES('Mendix.Runtime.DeploymentID','636717000399980444')
COMMIT
DELETE FROM "system$session" WHERE "id"=6192449487634833
DELETE FROM "system$session_user" WHERE "system$sessionid"=6192449487634833 AND "system$userid"=281474976710657
COMMIT
/*C3*/DELETE FROM "system$user" WHERE "id"=281474976710657
INSERT INTO "system$user" VALUES(281474976710657,'2018-09-03 16:30:22.190000',TRUE,'2018-09-03 16:30:22.190000','2018-09-04 15:15:48.765000',FALSE,FALSE,0,FALSE,'MxAdmin','{BCrypt}$2a$10$yBc3gLqnv7UAvpHfTkhsQupR3ECCQ.tjYOmMPNAQ9O/BAkV0QQqJ6','System.User',NULL,281474976710657)
COMMIT
DELETE FROM "mendixsystem$entityidentifier" WHERE "id"='d4154981-8dac-4150-aec5-efa3ef62a7a2'
INSERT INTO "mendixsystem$entityidentifier" VALUES('d4154981-8dac-4150-aec5-efa3ef62a7a2',2,601)
COMMIT
INSERT INTO "system$xasinstance" VALUES(562949953421813,'02d09ccf-662c-4119-ad71-521e9076429a','2018-09-04 15:20:49.842000','2018-09-04 15:20:49.793000',NULL,NULL,NULL)
COMMIT
/*C2*/DELETE FROM "system$user" WHERE "id"=281474976710657
INSERT INTO "system$user" VALUES(281474976710657,'2018-09-03 16:30:22.190000',TRUE,'2018-09-03 16:30:22.190000','2018-09-04 15:20:53.946000',FALSE,FALSE,0,FALSE,'MxAdmin','{BCrypt}$2a$10$yBc3gLqnv7UAvpHfTkhsQupR3ECCQ.tjYOmMPNAQ9O/BAkV0QQqJ6','System.User',NULL,281474976710657)
COMMIT
/*C3*/DELETE FROM "mendixsystem$entityidentifier" WHERE "id"='37f9fd49-5318-4c63-9a51-f761779b202f'
INSERT INTO "mendixsystem$entityidentifier" VALUES('37f9fd49-5318-4c63-9a51-f761779b202f',22,601)
COMMIT
INSERT INTO "system$session" VALUES(6192449487634933,'f20b4e60-0294-4911-9bfc-ef52a052955b','2018-09-04 15:20:53.986000','429389ea-b5c7-427c-9f3d-9f7fc851c1f2','2018-09-04 15:20:53.987000','64217d24-3799-4c06-bbba-dc22fdc5612e')
INSERT INTO "system$session_user" VALUES(6192449487634933,281474976710657)
COMMIT
DELETE FROM "mendixsystem$entityidentifier" WHERE "id"='27a2c924-8546-4b4b-8759-92e44c33aa43'
INSERT INTO "mendixsystem$entityidentifier" VALUES('27a2c924-8546-4b4b-8759-92e44c33aa43',21,601)
COMMIT
DELETE FROM "mendixsystem$entityidentifier" WHERE "id"='3bc6e9d9-7698-4ea8-b409-70f2de0e09de'
INSERT INTO "mendixsystem$entityidentifier" VALUES('3bc6e9d9-7698-4ea8-b409-70f2de0e09de',12,201)
COMMIT
